<?xml version="1.0" encoding="UTF-8"?>
<!-- Generated by org.testng.reporters.JUnitXMLReporter -->
<testsuite hostname="Raghu-PC" name="Command line test" tests="43" failures="3" timestamp="2 Nov 2017 12:39:27 GMT" time="2306.163" errors="0">
  <testcase name="testlevel" time="27.354" classname="com.jocata.star.dashboard.DashboardAgeingDrillDown"/>
  <testcase name="test" time="26.559" classname="com.jocata.star.dashboard.DashboardWorkFlowDrillDown"/>
  <testcase name="test" time="16.742" classname="com.jocata.star.dashboard.DashboardLevelSelection"/>
  <testcase name="test" time="9.243" classname="com.jocata.star.dashboard.DashboardUserSelection"/>
  <testcase name="clickcaseid" time="83.746" classname="com.jocata.star.TaskboardSort.SortOnAmount"/>
  <testcase name="clickcaseid" time="66.388" classname="com.jocata.star.TaskboardSort.SortOnBranch"/>
  <testcase name="clickcaseid" time="62.729" classname="com.jocata.star.TaskboardSort.SortOnCaseId"/>
  <testcase name="clickonSortonLastupdate" time="82.328" classname="com.jocata.star.TaskboardSort.SortOnLastActivivtyDate"/>
  <testcase name="clickonSortonLastupdate" time="79.3" classname="com.jocata.star.TaskboardSort.SortOnLastUpdateddate"/>
  <testcase name="clickpastcases" time="19.101" classname="com.jocata.star.Taskboard.TaskboardPastCases"/>
  <testcase name="clickcaseid" time="82.942" classname="com.jocata.star.Taskboard.AccountTrunover"/>
  <testcase name="clickcaseid" time="115.589" classname="com.jocata.star.Taskboard.SearchForTrancations"/>
  <testcase name="testprofiles" time="16.16" classname="com.jocata.star.falsepositive.FalsePositiveAddby"/>
  <testcase name="testprofiles" time="16.081" classname="com.jocata.star.falsepositive.FalsepositiveCustomerId"/>
  <testcase name="testprofiles" time="16.124" classname="com.jocata.star.falsepositive.FalsePositiveRuleId"/>
  <testcase name="testprofiles" time="28.181" classname="com.jocata.star.falsepositive.FalsePositiveUpdate"/>
  <testcase name="clickmanualEventAccountNum" time="58.127" classname="com.jocata.star.AddManualEvent.AddManualEventAccountNum"/>
  <testcase name="clickmanualevent" time="0.395" classname="com.jocata.star.AddManualEvent.AddManualEventCustomerid"/>
  <testcase name="addReport" time="23.264" classname="com.jocata.star.MisReports.AccountRiskReport"/>
  <testcase name="addReport" time="56.31" classname="com.jocata.star.MisReports.ChangeinAccountRiskReport"/>
  <testcase name="addReport" time="56.795" classname="com.jocata.star.MisReports.ReportonCurrentCases"/>
  <testcase name="addReport" time="56.262" classname="com.jocata.star.MisReports.ReportonPastCases"/>
  <testcase name="addReport" time="56.327" classname="com.jocata.star.MisReports.UserPermissionReport"/>
  <testcase name="clickrulebuliderupdate" time="88.158" classname="com.jocata.star.RuleBulider.RuleBuliderUpdate"/>
  <testcase name="deletebenchmark" time="21.362" classname="com.jocata.star.RuleLibry.RuleLibrarySearchwithRuleName"/>
  <testcase name="deletebenchmark" time="11.29" classname="com.jocata.star.RuleLibry.RuleLibrarySearchwithRuleId"/>
  <testcase name="deletebenchmark" time="25.941" classname="com.jocata.star.RuleLibry.RuleLibraryUpdate"/>
  <testcase name="deletebenchmark" time="114.033" classname="com.jocata.star.RuleLibry.RuleLibraryAddandDelete2"/>
  <testcase name="clickViewErrors" time="76.094" classname="com.jocata.star.Centra.CentraViewErrors"/>
  <testcase name="clickcentra" time="48.488" classname="com.jocata.star.Centra.CentraUpdateSTRDetails"/>
  <testcase name="clicktest" time="58.336" classname="com.jocata.TranscationSetails.pract.RegulateotyRegenerateSTR">
    <failure type="org.openqa.selenium.NoSuchElementException" message="Unable to locate element: {&amp;quot;method&amp;quot;:&amp;quot;xpath&amp;quot;,&amp;quot;selector&amp;quot;:&amp;quot;//td/div/div&amp;quot;}
Command duration or timeout: 30.02 seconds
For documentation on this error, please visit: http://seleniumhq.org/exceptions/no_such_element.html
Build info: version: &amp;apos;2.53.1&amp;apos;, revision: &amp;apos;a36b8b1&amp;apos;, time: &amp;apos;2016-06-30 17:32:46&amp;apos;
System info: host: &amp;apos;Raghu-PC&amp;apos;, ip: &amp;apos;192.168.1.89&amp;apos;, os.name: &amp;apos;Windows 7&amp;apos;, os.arch: &amp;apos;amd64&amp;apos;, os.version: &amp;apos;6.1&amp;apos;, java.version: &amp;apos;1.8.0_101&amp;apos;
Driver info: org.openqa.selenium.firefox.FirefoxDriver
Capabilities [{applicationCacheEnabled=true, rotatable=false, handlesAlerts=true, databaseEnabled=true, version=46.0, platform=WINDOWS, nativeEvents=false, acceptSslCerts=true, webStorageEnabled=true, locationContextEnabled=true, browserName=firefox, takesScreenshot=true, javascriptEnabled=true, cssSelectorsEnabled=true}]
Session ID: 06dc6221-f822-43ac-8870-658b968aaa9a
*** Element info: {Using=xpath, value=//td/div/div}">
      <![CDATA[org.openqa.selenium.NoSuchElementException: Unable to locate element: {"method":"xpath","selector":"//td/div/div"}
Command duration or timeout: 30.02 seconds
For documentation on this error, please visit: http://seleniumhq.org/exceptions/no_such_element.html
Build info: version: '2.53.1', revision: 'a36b8b1', time: '2016-06-30 17:32:46'
System info: host: 'Raghu-PC', ip: '192.168.1.89', os.name: 'Windows 7', os.arch: 'amd64', os.version: '6.1', java.version: '1.8.0_101'
Driver info: org.openqa.selenium.firefox.FirefoxDriver
Capabilities [{applicationCacheEnabled=true, rotatable=false, handlesAlerts=true, databaseEnabled=true, version=46.0, platform=WINDOWS, nativeEvents=false, acceptSslCerts=true, webStorageEnabled=true, locationContextEnabled=true, browserName=firefox, takesScreenshot=true, javascriptEnabled=true, cssSelectorsEnabled=true}]
Session ID: 06dc6221-f822-43ac-8870-658b968aaa9a
*** Element info: {Using=xpath, value=//td/div/div}
	at org.openqa.selenium.remote.ErrorHandler.createThrowable(ErrorHandler.java:206)
	at org.openqa.selenium.remote.ErrorHandler.throwIfResponseFailed(ErrorHandler.java:158)
	at org.openqa.selenium.remote.RemoteWebDriver.execute(RemoteWebDriver.java:678)
	at org.openqa.selenium.remote.RemoteWebDriver.findElement(RemoteWebDriver.java:363)
	at org.openqa.selenium.remote.RemoteWebDriver.findElementByXPath(RemoteWebDriver.java:500)
	at org.openqa.selenium.By$ByXPath.findElement(By.java:361)
	at org.openqa.selenium.remote.RemoteWebDriver.findElement(RemoteWebDriver.java:355)
	at com.jocata.TranscationSetails.pract.RegulateotyRegenerateSTR.clicktest(RegulateotyRegenerateSTR.java:101)
	at com.jocata.star.RunStar.AllStarNewSevenone.main(AllStarNewSevenone.java:139)
Caused by: org.openqa.selenium.NoSuchElementException: Unable to locate element: {"method":"xpath","selector":"//td/div/div"}
For documentation on this error, please visit: http://seleniumhq.org/exceptions/no_such_element.html
Build info: version: '2.53.1', revision: 'a36b8b1', time: '2016-06-30 17:32:46'
System info: host: 'Raghu-PC', ip: '192.168.1.89', os.name: 'Windows 7', os.arch: 'amd64', os.version: '6.1', java.version: '1.8.0_101'
Driver info: driver.version: unknown
	at <anonymous class>.FirefoxDriver.prototype.findElementInternal_(file:///C:/Users/Raghu/AppData/Local/Temp/anonymous1206910128484107786webdriver-profile/extensions/fxdriver@googlecode.com/components/driver-component.js:10770)
	at <anonymous class>.fxdriver.Timer.prototype.setTimeout/<.notify(file:///C:/Users/Raghu/AppData/Local/Temp/anonymous1206910128484107786webdriver-profile/extensions/fxdriver@googlecode.com/components/driver-component.js:625)
... Removed 25 stack frames]]>
    </failure>
  </testcase> <!-- clicktest -->
  <testcase name="login" time="80.257" classname="com.jocata.star.WorkFlow.WorkflowSave"/>
  <testcase name="loginsavechanges" time="174.33" classname="com.jocata.star.WorkFlow.WorkflowSaveChanges2"/>
  <testcase name="clickonAuditlogmodulename" time="55.417" classname="com.jocata.star.Administration.AuditLogModuleName"/>
  <testcase name="clicknotification" time="12.852" classname="com.jocata.star.Administration.SysytemConfigurationFalsePositiveLimits"/>
  <testcase name="clickonleaveRecord" time="71.001" classname="com.jocata.star.Administration.UserLeaveRecordAddSecond2"/>
  <testcase name="clickExclusionlist" time="85.027" classname="com.jocata.star.Administration.ExclusionListAdd"/>
  <testcase name="clicknotification" time="57.164" classname="com.jocata.star.Administration.NotificationConfigurationUpdate2"/>
  <testcase name="logintranscationdetails" time="54.051" classname="com.jocata.TranscationSetails.TrancastionDetails"/>
  <testcase name="clickmarkApp" time="34.746" classname="com.jocata.MarkerChecker.MakerCheckerApprove">
    <failure type="org.openqa.selenium.NoSuchElementException" message="Unable to locate element: {&amp;quot;method&amp;quot;:&amp;quot;xpath&amp;quot;,&amp;quot;selector&amp;quot;:&amp;quot;//span[text()=&amp;apos;STAR Maker Checker&amp;apos;]&amp;quot;}
Command duration or timeout: 30.06 seconds
For documentation on this error, please visit: http://seleniumhq.org/exceptions/no_such_element.html
Build info: version: &amp;apos;2.53.1&amp;apos;, revision: &amp;apos;a36b8b1&amp;apos;, time: &amp;apos;2016-06-30 17:32:46&amp;apos;
System info: host: &amp;apos;Raghu-PC&amp;apos;, ip: &amp;apos;192.168.1.89&amp;apos;, os.name: &amp;apos;Windows 7&amp;apos;, os.arch: &amp;apos;amd64&amp;apos;, os.version: &amp;apos;6.1&amp;apos;, java.version: &amp;apos;1.8.0_101&amp;apos;
Driver info: org.openqa.selenium.firefox.FirefoxDriver
Capabilities [{applicationCacheEnabled=true, rotatable=false, handlesAlerts=true, databaseEnabled=true, version=46.0, platform=WINDOWS, nativeEvents=false, acceptSslCerts=true, webStorageEnabled=true, locationContextEnabled=true, browserName=firefox, takesScreenshot=true, javascriptEnabled=true, cssSelectorsEnabled=true}]
Session ID: 06dc6221-f822-43ac-8870-658b968aaa9a
*** Element info: {Using=xpath, value=//span[text()=&amp;apos;STAR Maker Checker&amp;apos;]}">
      <![CDATA[org.openqa.selenium.NoSuchElementException: Unable to locate element: {"method":"xpath","selector":"//span[text()='STAR Maker Checker']"}
Command duration or timeout: 30.06 seconds
For documentation on this error, please visit: http://seleniumhq.org/exceptions/no_such_element.html
Build info: version: '2.53.1', revision: 'a36b8b1', time: '2016-06-30 17:32:46'
System info: host: 'Raghu-PC', ip: '192.168.1.89', os.name: 'Windows 7', os.arch: 'amd64', os.version: '6.1', java.version: '1.8.0_101'
Driver info: org.openqa.selenium.firefox.FirefoxDriver
Capabilities [{applicationCacheEnabled=true, rotatable=false, handlesAlerts=true, databaseEnabled=true, version=46.0, platform=WINDOWS, nativeEvents=false, acceptSslCerts=true, webStorageEnabled=true, locationContextEnabled=true, browserName=firefox, takesScreenshot=true, javascriptEnabled=true, cssSelectorsEnabled=true}]
Session ID: 06dc6221-f822-43ac-8870-658b968aaa9a
*** Element info: {Using=xpath, value=//span[text()='STAR Maker Checker']}
	at org.openqa.selenium.remote.ErrorHandler.createThrowable(ErrorHandler.java:206)
	at org.openqa.selenium.remote.ErrorHandler.throwIfResponseFailed(ErrorHandler.java:158)
	at org.openqa.selenium.remote.RemoteWebDriver.execute(RemoteWebDriver.java:678)
	at org.openqa.selenium.remote.RemoteWebDriver.findElement(RemoteWebDriver.java:363)
	at org.openqa.selenium.remote.RemoteWebDriver.findElementByXPath(RemoteWebDriver.java:500)
	at org.openqa.selenium.By$ByXPath.findElement(By.java:361)
	at org.openqa.selenium.remote.RemoteWebDriver.findElement(RemoteWebDriver.java:355)
	at com.jocata.MarkerChecker.MakerCheckerApprove.clickMakerchecker(MakerCheckerApprove.java:83)
	at com.jocata.MarkerChecker.MakerCheckerApprove.clickmarkApp(MakerCheckerApprove.java:63)
	at com.jocata.star.RunStar.AllStarNewSevenone.main(AllStarNewSevenone.java:139)
Caused by: org.openqa.selenium.NoSuchElementException: Unable to locate element: {"method":"xpath","selector":"//span[text()='STAR Maker Checker']"}
For documentation on this error, please visit: http://seleniumhq.org/exceptions/no_such_element.html
Build info: version: '2.53.1', revision: 'a36b8b1', time: '2016-06-30 17:32:46'
System info: host: 'Raghu-PC', ip: '192.168.1.89', os.name: 'Windows 7', os.arch: 'amd64', os.version: '6.1', java.version: '1.8.0_101'
Driver info: driver.version: unknown
	at <anonymous class>.FirefoxDriver.prototype.findElementInternal_(file:///C:/Users/Raghu/AppData/Local/Temp/anonymous1206910128484107786webdriver-profile/extensions/fxdriver@googlecode.com/components/driver-component.js:10770)
	at <anonymous class>.fxdriver.Timer.prototype.setTimeout/<.notify(file:///C:/Users/Raghu/AppData/Local/Temp/anonymous1206910128484107786webdriver-profile/extensions/fxdriver@googlecode.com/components/driver-component.js:625)
... Removed 25 stack frames]]>
    </failure>
  </testcase> <!-- clickmarkApp -->
  <testcase name="clickmarkApp" time="34.064" classname="com.jocata.MarkerChecker.MakerCheckerRejected">
    <failure type="org.openqa.selenium.NoSuchElementException" message="Unable to locate element: {&amp;quot;method&amp;quot;:&amp;quot;xpath&amp;quot;,&amp;quot;selector&amp;quot;:&amp;quot;//div[@id=&amp;apos;flip&amp;apos;]/img&amp;quot;}
Command duration or timeout: 30.06 seconds
For documentation on this error, please visit: http://seleniumhq.org/exceptions/no_such_element.html
Build info: version: &amp;apos;2.53.1&amp;apos;, revision: &amp;apos;a36b8b1&amp;apos;, time: &amp;apos;2016-06-30 17:32:46&amp;apos;
System info: host: &amp;apos;Raghu-PC&amp;apos;, ip: &amp;apos;192.168.1.89&amp;apos;, os.name: &amp;apos;Windows 7&amp;apos;, os.arch: &amp;apos;amd64&amp;apos;, os.version: &amp;apos;6.1&amp;apos;, java.version: &amp;apos;1.8.0_101&amp;apos;
Driver info: org.openqa.selenium.firefox.FirefoxDriver
Capabilities [{applicationCacheEnabled=true, rotatable=false, handlesAlerts=true, databaseEnabled=true, version=46.0, platform=WINDOWS, nativeEvents=false, acceptSslCerts=true, webStorageEnabled=true, locationContextEnabled=true, browserName=firefox, takesScreenshot=true, javascriptEnabled=true, cssSelectorsEnabled=true}]
Session ID: 06dc6221-f822-43ac-8870-658b968aaa9a
*** Element info: {Using=xpath, value=//div[@id=&amp;apos;flip&amp;apos;]/img}">
      <![CDATA[org.openqa.selenium.NoSuchElementException: Unable to locate element: {"method":"xpath","selector":"//div[@id='flip']/img"}
Command duration or timeout: 30.06 seconds
For documentation on this error, please visit: http://seleniumhq.org/exceptions/no_such_element.html
Build info: version: '2.53.1', revision: 'a36b8b1', time: '2016-06-30 17:32:46'
System info: host: 'Raghu-PC', ip: '192.168.1.89', os.name: 'Windows 7', os.arch: 'amd64', os.version: '6.1', java.version: '1.8.0_101'
Driver info: org.openqa.selenium.firefox.FirefoxDriver
Capabilities [{applicationCacheEnabled=true, rotatable=false, handlesAlerts=true, databaseEnabled=true, version=46.0, platform=WINDOWS, nativeEvents=false, acceptSslCerts=true, webStorageEnabled=true, locationContextEnabled=true, browserName=firefox, takesScreenshot=true, javascriptEnabled=true, cssSelectorsEnabled=true}]
Session ID: 06dc6221-f822-43ac-8870-658b968aaa9a
*** Element info: {Using=xpath, value=//div[@id='flip']/img}
	at org.openqa.selenium.remote.ErrorHandler.createThrowable(ErrorHandler.java:206)
	at org.openqa.selenium.remote.ErrorHandler.throwIfResponseFailed(ErrorHandler.java:158)
	at org.openqa.selenium.remote.RemoteWebDriver.execute(RemoteWebDriver.java:678)
	at org.openqa.selenium.remote.RemoteWebDriver.findElement(RemoteWebDriver.java:363)
	at org.openqa.selenium.remote.RemoteWebDriver.findElementByXPath(RemoteWebDriver.java:500)
	at org.openqa.selenium.By$ByXPath.findElement(By.java:361)
	at org.openqa.selenium.remote.RemoteWebDriver.findElement(RemoteWebDriver.java:355)
	at com.jocata.MarkerChecker.MakerCheckerRejected.clickMakerchecker(MakerCheckerRejected.java:76)
	at com.jocata.MarkerChecker.MakerCheckerRejected.clickmarkApp(MakerCheckerRejected.java:63)
	at com.jocata.star.RunStar.AllStarNewSevenone.main(AllStarNewSevenone.java:139)
Caused by: org.openqa.selenium.NoSuchElementException: Unable to locate element: {"method":"xpath","selector":"//div[@id='flip']/img"}
For documentation on this error, please visit: http://seleniumhq.org/exceptions/no_such_element.html
Build info: version: '2.53.1', revision: 'a36b8b1', time: '2016-06-30 17:32:46'
System info: host: 'Raghu-PC', ip: '192.168.1.89', os.name: 'Windows 7', os.arch: 'amd64', os.version: '6.1', java.version: '1.8.0_101'
Driver info: driver.version: unknown
	at <anonymous class>.FirefoxDriver.prototype.findElementInternal_(file:///C:/Users/Raghu/AppData/Local/Temp/anonymous1206910128484107786webdriver-profile/extensions/fxdriver@googlecode.com/components/driver-component.js:10770)
	at <anonymous class>.fxdriver.Timer.prototype.setTimeout/<.notify(file:///C:/Users/Raghu/AppData/Local/Temp/anonymous1206910128484107786webdriver-profile/extensions/fxdriver@googlecode.com/components/driver-component.js:625)
... Removed 25 stack frames]]>
    </failure>
  </testcase> <!-- clickmarkApp -->
  <testcase name="clickriskconfigrationedit" time="69.462" classname="com.jocata.star.GridAdministartion.RiskConfigurationEdit"/>
  <testcase name="clickriskconfigrationedit" time="75.346" classname="com.jocata.star.GridAdministartion.UserPermissionsReport"/>
</testsuite> <!-- Command line test -->
